{"level":"info","message":"Server running on port 3001 in development mode","timestamp":"2025-04-17T19:58:39.114Z"}
{"level":"info","message":"Server running on port 3001 in development mode","timestamp":"2025-04-19T12:42:56.054Z"}
{"level":"info","message":"Server running on port 3001 in development mode","timestamp":"2025-04-19T13:03:06.382Z"}
{"level":"info","message":"Server running on port 3001 in development mode","timestamp":"2025-04-19T15:38:19.043Z"}
{"level":"info","message":"POST /api/chat/","timestamp":"2025-04-19T18:01:58.576Z"}
{"level":"error","message":"SyntaxError: Unexpected token 'f', \"full form of who\" is not valid JSON\n    at JSON.parse (<anonymous>)\n    at createStrictSyntaxError (C:\\Users\\adars\\OneDrive\\Desktop\\Acadamic-Projects\\React_Projects\\face-auth-backend\\node_modules\\body-parser\\lib\\types\\json.js:169:10)\n    at parse (C:\\Users\\adars\\OneDrive\\Desktop\\Acadamic-Projects\\React_Projects\\face-auth-backend\\node_modules\\body-parser\\lib\\types\\json.js:86:15)\n    at C:\\Users\\adars\\OneDrive\\Desktop\\Acadamic-Projects\\React_Projects\\face-auth-backend\\node_modules\\body-parser\\lib\\read.js:128:18\n    at AsyncResource.runInAsyncScope (node:async_hooks:206:9)\n    at invokeCallback (C:\\Users\\adars\\OneDrive\\Desktop\\Acadamic-Projects\\React_Projects\\face-auth-backend\\node_modules\\raw-body\\index.js:238:16)\n    at done (C:\\Users\\adars\\OneDrive\\Desktop\\Acadamic-Projects\\React_Projects\\face-auth-backend\\node_modules\\raw-body\\index.js:227:7)\n    at IncomingMessage.onEnd (C:\\Users\\adars\\OneDrive\\Desktop\\Acadamic-Projects\\React_Projects\\face-auth-backend\\node_modules\\raw-body\\index.js:287:7)\n    at IncomingMessage.emit (node:events:519:28)\n    at endReadableNT (node:internal/streams/readable:1696:12)","timestamp":"2025-04-19T18:02:43.580Z"}
{"level":"info","message":"Server running on port 3001 in development mode","timestamp":"2025-04-19T18:02:53.178Z"}
{"level":"error","message":"SyntaxError: Unexpected token 'f', \"full form of who\" is not valid JSON\n    at JSON.parse (<anonymous>)\n    at createStrictSyntaxError (C:\\Users\\adars\\OneDrive\\Desktop\\Acadamic-Projects\\React_Projects\\face-auth-backend\\node_modules\\body-parser\\lib\\types\\json.js:169:10)\n    at parse (C:\\Users\\adars\\OneDrive\\Desktop\\Acadamic-Projects\\React_Projects\\face-auth-backend\\node_modules\\body-parser\\lib\\types\\json.js:86:15)\n    at C:\\Users\\adars\\OneDrive\\Desktop\\Acadamic-Projects\\React_Projects\\face-auth-backend\\node_modules\\body-parser\\lib\\read.js:128:18\n    at AsyncResource.runInAsyncScope (node:async_hooks:206:9)\n    at invokeCallback (C:\\Users\\adars\\OneDrive\\Desktop\\Acadamic-Projects\\React_Projects\\face-auth-backend\\node_modules\\raw-body\\index.js:238:16)\n    at done (C:\\Users\\adars\\OneDrive\\Desktop\\Acadamic-Projects\\React_Projects\\face-auth-backend\\node_modules\\raw-body\\index.js:227:7)\n    at IncomingMessage.onEnd (C:\\Users\\adars\\OneDrive\\Desktop\\Acadamic-Projects\\React_Projects\\face-auth-backend\\node_modules\\raw-body\\index.js:287:7)\n    at IncomingMessage.emit (node:events:519:28)\n    at endReadableNT (node:internal/streams/readable:1696:12)","timestamp":"2025-04-19T18:03:06.646Z"}
{"level":"error","message":"SyntaxError: Unexpected token 'f', \"full form of who\" is not valid JSON\n    at JSON.parse (<anonymous>)\n    at createStrictSyntaxError (C:\\Users\\adars\\OneDrive\\Desktop\\Acadamic-Projects\\React_Projects\\face-auth-backend\\node_modules\\body-parser\\lib\\types\\json.js:169:10)\n    at parse (C:\\Users\\adars\\OneDrive\\Desktop\\Acadamic-Projects\\React_Projects\\face-auth-backend\\node_modules\\body-parser\\lib\\types\\json.js:86:15)\n    at C:\\Users\\adars\\OneDrive\\Desktop\\Acadamic-Projects\\React_Projects\\face-auth-backend\\node_modules\\body-parser\\lib\\read.js:128:18\n    at AsyncResource.runInAsyncScope (node:async_hooks:206:9)\n    at invokeCallback (C:\\Users\\adars\\OneDrive\\Desktop\\Acadamic-Projects\\React_Projects\\face-auth-backend\\node_modules\\raw-body\\index.js:238:16)\n    at done (C:\\Users\\adars\\OneDrive\\Desktop\\Acadamic-Projects\\React_Projects\\face-auth-backend\\node_modules\\raw-body\\index.js:227:7)\n    at IncomingMessage.onEnd (C:\\Users\\adars\\OneDrive\\Desktop\\Acadamic-Projects\\React_Projects\\face-auth-backend\\node_modules\\raw-body\\index.js:287:7)\n    at IncomingMessage.emit (node:events:519:28)\n    at endReadableNT (node:internal/streams/readable:1696:12)","timestamp":"2025-04-19T18:03:09.840Z"}
{"level":"info","message":"POST /api/chat/","timestamp":"2025-04-19T18:03:53.826Z"}
{"level":"info","message":"Server running on port 3001 in development mode","timestamp":"2025-04-19T18:04:33.115Z"}
{"level":"info","message":"POST /api/chat/","timestamp":"2025-04-19T18:04:36.541Z"}
{"level":"error","message":"SyntaxError: Unexpected token 'g', \"gived the \"... is not valid JSON\n    at JSON.parse (<anonymous>)\n    at createStrictSyntaxError (C:\\Users\\adars\\OneDrive\\Desktop\\Acadamic-Projects\\React_Projects\\face-auth-backend\\node_modules\\body-parser\\lib\\types\\json.js:169:10)\n    at parse (C:\\Users\\adars\\OneDrive\\Desktop\\Acadamic-Projects\\React_Projects\\face-auth-backend\\node_modules\\body-parser\\lib\\types\\json.js:86:15)\n    at C:\\Users\\adars\\OneDrive\\Desktop\\Acadamic-Projects\\React_Projects\\face-auth-backend\\node_modules\\body-parser\\lib\\read.js:128:18\n    at AsyncResource.runInAsyncScope (node:async_hooks:206:9)\n    at invokeCallback (C:\\Users\\adars\\OneDrive\\Desktop\\Acadamic-Projects\\React_Projects\\face-auth-backend\\node_modules\\raw-body\\index.js:238:16)\n    at done (C:\\Users\\adars\\OneDrive\\Desktop\\Acadamic-Projects\\React_Projects\\face-auth-backend\\node_modules\\raw-body\\index.js:227:7)\n    at IncomingMessage.onEnd (C:\\Users\\adars\\OneDrive\\Desktop\\Acadamic-Projects\\React_Projects\\face-auth-backend\\node_modules\\raw-body\\index.js:287:7)\n    at IncomingMessage.emit (node:events:519:28)\n    at endReadableNT (node:internal/streams/readable:1696:12)","timestamp":"2025-04-19T18:06:31.242Z"}
{"level":"error","message":"SyntaxError: Unexpected token 'g', \"gived the \"... is not valid JSON\n    at JSON.parse (<anonymous>)\n    at createStrictSyntaxError (C:\\Users\\adars\\OneDrive\\Desktop\\Acadamic-Projects\\React_Projects\\face-auth-backend\\node_modules\\body-parser\\lib\\types\\json.js:169:10)\n    at parse (C:\\Users\\adars\\OneDrive\\Desktop\\Acadamic-Projects\\React_Projects\\face-auth-backend\\node_modules\\body-parser\\lib\\types\\json.js:86:15)\n    at C:\\Users\\adars\\OneDrive\\Desktop\\Acadamic-Projects\\React_Projects\\face-auth-backend\\node_modules\\body-parser\\lib\\read.js:128:18\n    at AsyncResource.runInAsyncScope (node:async_hooks:206:9)\n    at invokeCallback (C:\\Users\\adars\\OneDrive\\Desktop\\Acadamic-Projects\\React_Projects\\face-auth-backend\\node_modules\\raw-body\\index.js:238:16)\n    at done (C:\\Users\\adars\\OneDrive\\Desktop\\Acadamic-Projects\\React_Projects\\face-auth-backend\\node_modules\\raw-body\\index.js:227:7)\n    at IncomingMessage.onEnd (C:\\Users\\adars\\OneDrive\\Desktop\\Acadamic-Projects\\React_Projects\\face-auth-backend\\node_modules\\raw-body\\index.js:287:7)\n    at IncomingMessage.emit (node:events:519:28)\n    at endReadableNT (node:internal/streams/readable:1696:12)","timestamp":"2025-04-19T18:10:20.633Z"}
{"level":"info","message":"Server running on port 3001 in development mode","timestamp":"2025-04-19T18:11:39.280Z"}
{"level":"info","message":"Server running on port 3001 in development mode","timestamp":"2025-04-20T02:50:05.959Z"}
{"level":"info","message":"Server running on port 3001 in development mode","timestamp":"2025-04-20T05:18:37.176Z"}
{"level":"info","message":"Server running on port 3001 in development mode","timestamp":"2025-04-20T05:18:44.588Z"}
{"level":"info","message":"POST /api/auth/register","timestamp":"2025-04-20T05:19:21.172Z"}
{"level":"info","message":"POST /api/auth/register","timestamp":"2025-04-20T05:19:30.115Z"}
{"level":"info","message":"Server running on port 3001 in development mode","timestamp":"2025-04-20T05:20:01.610Z"}
{"level":"info","message":"POST /api/auth/register","timestamp":"2025-04-20T05:20:46.204Z"}
{"level":"info","message":"Server running on port 3001 in development mode","timestamp":"2025-04-20T06:41:30.786Z"}
{"level":"info","message":"Server running on port 3001 in development mode","timestamp":"2025-04-20T07:05:20.614Z"}
{"level":"info","message":"Server running on port 3001 in development mode","timestamp":"2025-04-20T07:51:06.877Z"}
{"level":"info","message":"Server running on port 3001 in development mode","timestamp":"2025-04-20T07:53:41.984Z"}
{"level":"info","message":"Server running on port 3001 in development mode","timestamp":"2025-04-20T07:53:45.319Z"}
{"level":"info","message":"POST /api/auth/login","timestamp":"2025-04-20T08:00:51.160Z"}
{"level":"info","message":"POST /api/auth/login","timestamp":"2025-04-20T08:01:33.788Z"}
{"level":"info","message":"Server running on port 3001 in development mode","timestamp":"2025-04-20T08:44:34.756Z"}
{"level":"info","message":"Server running on port 3001 in development mode","timestamp":"2025-04-20T08:44:39.039Z"}
{"level":"info","message":"Server running on port 3001 in development mode","timestamp":"2025-04-20T08:44:50.261Z"}
{"level":"info","message":"Server running on port 3001 in development mode","timestamp":"2025-04-20T08:44:57.491Z"}
{"level":"info","message":"Server running on port 3001 in development mode","timestamp":"2025-04-20T08:44:59.744Z"}
{"level":"info","message":"Server running on port 3001 in development mode","timestamp":"2025-04-20T16:37:39.541Z"}
{"level":"info","message":"POST /api/voice/voice","timestamp":"2025-04-20T17:53:35.204Z"}
{"level":"info","message":"POST /api/chat","timestamp":"2025-04-20T17:53:42.695Z"}
{"level":"info","message":"Server running on port 3001 in development mode","timestamp":"2025-04-20T19:29:12.698Z"}
{"level":"info","message":"Server running on port 3001 in development mode","timestamp":"2025-04-20T19:29:32.048Z"}
{"level":"info","message":"Server running on port 3001 in development mode","timestamp":"2025-04-20T19:33:00.021Z"}
{"level":"info","message":"Server running on port 3001 in development mode","timestamp":"2025-04-21T06:28:31.325Z"}
